<?xml version="1.0" encoding="UTF-8" standalone="no"?>
<testsuite errors="0" failures="0" name="io.cucumber.core.plugin.JUnitFormatter" skipped="0" tests="1" time="8.752">
    <testcase classname="Login Action" name="Verify Login for valid data it displays Login Successful" time="8.536">
        <system-out><![CDATA[Given User is on Home page..................................................passed
When user clicks on Signin link.............................................passed
Then Next page is displayed check title.....................................passed
When user enters valid user name and valid password.........................passed
And User clicks on Submit button............................................passed
Then User gets connected to his account display message as successful.......passed
And Logout..................................................................passed
]]></system-out>
    </testcase>
</testsuite>
